  main.cpp
C:\Users\Admin\Desktop\ExentriC-Imgui-Menu-DX9\examples\example_win32_directx9\notification.h(95,52): warning C4458: Deklaration von "type" blendet Klassenmember aus
C:\Users\Admin\Desktop\ExentriC-Imgui-Menu-DX9\examples\example_win32_directx9\notification.h(76,17): message : Siehe Deklaration von "ImGuiToast::type"
C:\Users\Admin\Desktop\ExentriC-Imgui-Menu-DX9\examples\example_win32_directx9\notification.h(267,35): warning C4130: "==": Logische Operation mit Adresse einer Zeichenfolgenkonstanten
C:\Users\Admin\Desktop\ExentriC-Imgui-Menu-DX9\examples\example_win32_directx9\notification.h(269,35): warning C4130: "==": Logische Operation mit Adresse einer Zeichenfolgenkonstanten
C:\Users\Admin\Desktop\ExentriC-Imgui-Menu-DX9\examples\example_win32_directx9\notification.h(271,33): warning C4130: "==": Logische Operation mit Adresse einer Zeichenfolgenkonstanten
C:\Users\Admin\Desktop\ExentriC-Imgui-Menu-DX9\examples\example_win32_directx9\notification.h(273,32): warning C4130: "==": Logische Operation mit Adresse einer Zeichenfolgenkonstanten
C:\Users\Admin\Desktop\ExentriC-Imgui-Menu-DX9\examples\example_win32_directx9\notification.h(275,34): warning C4130: "==": Logische Operation mit Adresse einer Zeichenfolgenkonstanten
C:\Users\Admin\Desktop\ExentriC-Imgui-Menu-DX9\examples\example_win32_directx9\notification.h(239,16): warning C4189: "title": Lokale Variable ist initialisiert aber nicht referenziert
C:\Users\Admin\Desktop\ExentriC-Imgui-Menu-DX9\examples\example_win32_directx9\notification.h(261,19): warning C4189: "pos": Lokale Variable ist initialisiert aber nicht referenziert
C:\Users\Admin\Desktop\ExentriC-Imgui-Menu-DX9\examples\example_win32_directx9\main.cpp(131,10): warning C4459: Deklaration von "hwnd" blendet globale Deklaration aus
C:\Users\Admin\Desktop\ExentriC-Imgui-Menu-DX9\examples\example_win32_directx9\main.cpp(18,6): message : Siehe Deklaration von "hwnd"
C:\Users\Admin\Desktop\ExentriC-Imgui-Menu-DX9\examples\example_win32_directx9\main.cpp(343,134): warning C4390: ";": Leere kontrollierte Anweisung aufgetreten; ist dies beabsichtigt?
C:\Users\Admin\Desktop\ExentriC-Imgui-Menu-DX9\examples\example_win32_directx9\main.cpp(194,10): warning C4189: "show_demo_window": Lokale Variable ist initialisiert aber nicht referenziert
C:\Users\Admin\Desktop\ExentriC-Imgui-Menu-DX9\examples\example_win32_directx9\main.cpp(195,10): warning C4189: "show_another_window": Lokale Variable ist initialisiert aber nicht referenziert
  Code wird generiert.
  0 of 2671 functions ( 0.0%) were compiled, the rest were copied from previous compilation.
    0 functions were new in current compilation
    0 functions had inline decision re-evaluated but remain unchanged
  Codegenerierung ist abgeschlossen.
  example_win32_directx9.vcxproj -> C:\Users\Admin\Desktop\ExentriC-Imgui-Menu-DX9\examples\example_win32_directx9\Release\example_win32_directx9.exe
